<?xml version="1.0" encoding="UTF-8"?>
<!-- Generated by org.testng.reporters.JUnitXMLReporter -->
<testsuite ignored="0" hostname="DESKTOP-6BJ2N4F" failures="0" tests="6" name="Test" time="0.106" errors="0" timestamp="2020-11-27T00:15:45 IST">
  <testcase classname="Basics.FrameworkBasics" name="demo1" time="0.015"/>
  <testcase classname="Basics.FrameworkBasics" name="demo2" time="0.003"/>
  <testcase classname="Basics.FrameworkBasics" name="demo4" time="0.002"/>
  <testcase classname="Basics.Basics2" name="demo21" time="0.002"/>
  <testcase classname="Basics.Basics2" name="demo25" time="0.003"/>
  <testcase classname="Basics.Test26NOV" name="MobileSignin" time="0.002"/>
</testsuite> <!-- Test -->
