<?xml version="1.0" encoding="UTF-8"?>
<!-- Generated by org.testng.reporters.JUnitXMLReporter -->
<testsuite ignored="1" hostname="DESKTOP-6BJ2N4F" failures="0" tests="12" name="Test1" time="0.155" errors="0" timestamp="2020-11-26T23:37:22 IST">
  <testcase classname="Basics.FrameworkBasics" name="demo1" time="0.015"/>
  <testcase classname="Basics.FrameworkBasics" name="demo2" time="0.003"/>
  <testcase classname="Basics.FrameworkBasics" name="demo4" time="0.002"/>
  <testcase classname="Basics.Test26NOV" name="MobileSignin" time="0.002"/>
  <testcase classname="Basics.Basics2" name="demo21" time="0.002"/>
  <testcase classname="Basics.Basics2" name="demo25" time="0.002"/>
  <testcase classname="Basics.TestNGBasics" name="Login" time="0.002"/>
  <testcase classname="Basics.TestNGBasics" name="Login" time="0.002"/>
  <testcase classname="Basics.TestNGBasics" name="Login" time="0.003"/>
  <testcase classname="Basics.TestNGBasics" name="viewAdminPage" time="0.004"/>
  <testcase classname="Basics.TestNGBasics" name="Signup" time="0.016"/>
  <testcase classname="Basics.TestNGBasics" name="AdduserMethod" time="0.002"/>
  <testcase classname="Basics.TestNGBasics" name="Logout" time="0.0">
    <ignored/>
  </testcase> <!-- Logout -->
</testsuite> <!-- Test1 -->
