<?xml version="1.0" encoding="UTF-8"?>
<testng-results ignored="0" total="2" passed="2" failed="0" skipped="0">
  <reporter-output>
  </reporter-output>
  <suite started-at="2020-12-03T23:42:16 IST" name="Default suite" finished-at="2020-12-03T23:42:16 IST" duration-ms="124">
    <groups>
      <group name="smoke">
        <method signature="Basics2.demo21()[pri:0, instance:Basics.Basics2@62230c58]" name="demo21" class="Basics.Basics2"/>
      </group> <!-- smoke -->
    </groups>
    <test started-at="2020-12-03T23:42:16 IST" name="Default test" finished-at="2020-12-03T23:42:16 IST" duration-ms="124">
      <class name="Basics.Basics2">
        <test-method signature="demo21()[pri:0, instance:Basics.Basics2@62230c58]" started-at="2020-12-03T23:42:16 IST" name="demo21" finished-at="2020-12-03T23:42:16 IST" duration-ms="24" status="PASS">
          <reporter-output>
          </reporter-output>
        </test-method> <!-- demo21 -->
        <test-method signature="demo25()[pri:0, instance:Basics.Basics2@62230c58]" started-at="2020-12-03T23:42:16 IST" name="demo25" finished-at="2020-12-03T23:42:16 IST" duration-ms="2" status="PASS">
          <reporter-output>
          </reporter-output>
        </test-method> <!-- demo25 -->
      </class> <!-- Basics.Basics2 -->
    </test> <!-- Default test -->
  </suite> <!-- Default suite -->
</testng-results>
